2024-03-12 18:23:29.309 [info] Log level: Info
2024-03-12 18:23:29.309 [info] Validating found git in: "git"
2024-03-12 18:23:29.309 [info] Using git "2.34.1" from "git"
2024-03-12 18:23:29.309 [info] > git rev-parse --show-toplevel [5ms]
2024-03-12 18:23:29.309 [info] > git rev-parse --git-dir --git-common-dir [9ms]
2024-03-12 18:23:29.309 [info] Open repository: /home/karolay
2024-03-12 18:23:29.324 [info] > git rev-parse --show-toplevel [3ms]
2024-03-12 18:23:29.326 [info] > git config --get commit.template [11ms]
2024-03-12 18:23:29.341 [info] > git rev-parse --show-toplevel [9ms]
2024-03-12 18:23:29.349 [info] > git rev-parse --show-toplevel [1ms]
2024-03-12 18:23:29.357 [info] > git rev-parse --show-toplevel [1ms]
2024-03-12 18:23:29.363 [info] > git rev-parse --show-toplevel [1ms]
2024-03-12 18:23:29.373 [info] > git for-each-ref --format=%(refname)%00%(upstream:short)%00%(objectname)%00%(upstream:track)%00%(upstream:remotename)%00%(upstream:remoteref) refs/heads/master refs/remotes/master [33ms]
2024-03-12 18:23:29.638 [info] > git show --textconv :web.html [6ms]
2024-03-12 18:23:29.640 [info] > git ls-files --stage -- /home/karolay/web.html [3ms]
2024-03-12 18:23:29.646 [info] > git cat-file -s f5c24b4546d52a80403a3601457570c4355a8760 [2ms]
2024-03-12 18:23:29.694 [info] > git status -z -uall [316ms]
2024-03-12 18:23:30.617 [info] > git config --get commit.template [784ms]
2024-03-12 18:23:30.673 [info] > git check-ignore -v -z --stdin [14ms]
2024-03-12 18:23:30.676 [info] > git for-each-ref --format=%(refname)%00%(upstream:short)%00%(objectname)%00%(upstream:track)%00%(upstream:remotename)%00%(upstream:remoteref) refs/heads/master refs/remotes/master [4ms]
2024-03-12 18:23:30.736 [info] > git status -z -uall [52ms]
2024-03-12 18:23:32.796 [info] > git config --get commit.template [1ms]
2024-03-12 18:23:32.834 [info] > git for-each-ref --format=%(refname)%00%(upstream:short)%00%(objectname)%00%(upstream:track)%00%(upstream:remotename)%00%(upstream:remoteref) refs/heads/master refs/remotes/master [22ms]
2024-03-12 18:23:32.940 [info] > git status -z -uall [76ms]
2024-03-12 18:23:38.090 [info] > git config --get commit.template [3ms]
2024-03-12 18:23:38.098 [info] > git for-each-ref --format=%(refname)%00%(upstream:short)%00%(objectname)%00%(upstream:track)%00%(upstream:remotename)%00%(upstream:remoteref) refs/heads/master refs/remotes/master [1ms]
2024-03-12 18:23:38.132 [info] > git status -z -uall [29ms]
2024-03-12 18:23:43.222 [info] > git config --get commit.template [2ms]
2024-03-12 18:23:43.239 [info] > git for-each-ref --format=%(refname)%00%(upstream:short)%00%(objectname)%00%(upstream:track)%00%(upstream:remotename)%00%(upstream:remoteref) refs/heads/master refs/remotes/master [2ms]
2024-03-12 18:23:43.284 [info] > git status -z -uall [35ms]
2024-03-12 18:23:48.402 [info] > git config --get commit.template [3ms]
2024-03-12 18:23:48.412 [info] > git for-each-ref --format=%(refname)%00%(upstream:short)%00%(objectname)%00%(upstream:track)%00%(upstream:remotename)%00%(upstream:remoteref) refs/heads/master refs/remotes/master [1ms]
2024-03-12 18:23:48.474 [info] > git status -z -uall [50ms]
2024-03-12 18:23:53.593 [info] > git config --get commit.template [14ms]
2024-03-12 18:23:53.594 [info] > git for-each-ref --format=%(refname)%00%(upstream:short)%00%(objectname)%00%(upstream:track)%00%(upstream:remotename)%00%(upstream:remoteref) refs/heads/master refs/remotes/master [2ms]
2024-03-12 18:23:53.646 [info] > git status -z -uall [39ms]
2024-03-12 18:23:58.762 [info] > git config --get commit.template [15ms]
2024-03-12 18:23:58.763 [info] > git for-each-ref --format=%(refname)%00%(upstream:short)%00%(objectname)%00%(upstream:track)%00%(upstream:remotename)%00%(upstream:remoteref) refs/heads/master refs/remotes/master [3ms]
2024-03-12 18:23:58.810 [info] > git status -z -uall [36ms]
2024-03-12 18:24:04.499 [info] > git config --get commit.template [2ms]
2024-03-12 18:24:04.517 [info] > git for-each-ref --format=%(refname)%00%(upstream:short)%00%(objectname)%00%(upstream:track)%00%(upstream:remotename)%00%(upstream:remoteref) refs/heads/master refs/remotes/master [3ms]
2024-03-12 18:24:04.582 [info] > git status -z -uall [42ms]
2024-03-12 18:24:09.714 [info] > git config --get commit.template [11ms]
2024-03-12 18:24:09.716 [info] > git for-each-ref --format=%(refname)%00%(upstream:short)%00%(objectname)%00%(upstream:track)%00%(upstream:remotename)%00%(upstream:remoteref) refs/heads/master refs/remotes/master [3ms]
2024-03-12 18:24:09.769 [info] > git status -z -uall [44ms]
2024-03-12 18:24:14.867 [info] > git config --get commit.template [2ms]
2024-03-12 18:24:14.884 [info] > git for-each-ref --format=%(refname)%00%(upstream:short)%00%(objectname)%00%(upstream:track)%00%(upstream:remotename)%00%(upstream:remoteref) refs/heads/master refs/remotes/master [1ms]
2024-03-12 18:24:14.924 [info] > git status -z -uall [30ms]
2024-03-12 18:24:20.010 [info] > git config --get commit.template [1ms]
2024-03-12 18:24:20.018 [info] > git for-each-ref --format=%(refname)%00%(upstream:short)%00%(objectname)%00%(upstream:track)%00%(upstream:remotename)%00%(upstream:remoteref) refs/heads/master refs/remotes/master [1ms]
2024-03-12 18:24:20.053 [info] > git status -z -uall [29ms]
2024-03-12 18:24:25.162 [info] > git config --get commit.template [4ms]
2024-03-12 18:24:25.174 [info] > git for-each-ref --format=%(refname)%00%(upstream:short)%00%(objectname)%00%(upstream:track)%00%(upstream:remotename)%00%(upstream:remoteref) refs/heads/master refs/remotes/master [2ms]
2024-03-12 18:24:25.230 [info] > git status -z -uall [47ms]
2024-03-12 18:24:30.320 [info] > git config --get commit.template [1ms]
2024-03-12 18:24:30.331 [info] > git for-each-ref --format=%(refname)%00%(upstream:short)%00%(objectname)%00%(upstream:track)%00%(upstream:remotename)%00%(upstream:remoteref) refs/heads/master refs/remotes/master [1ms]
2024-03-12 18:24:30.378 [info] > git status -z -uall [39ms]
