2024-03-12 18:23:28.081 [info] Extension host with pid 10646 started
2024-03-12 18:23:28.108 [info] Lock '/home/karolay/.vscode-server/data/User/workspaceStorage/a57e0c07d0bcbaf9e448bf5cd4e1c65c/vscode.lock': Lock acquired.
2024-03-12 18:23:28.136 [info] ExtensionService#_doActivateExtension vscode.html-language-features, startup: false, activationEvent: 'onLanguage:html'
2024-03-12 18:23:28.138 [info] ExtensionService#_doActivateExtension vscode.emmet, startup: false, activationEvent: 'onLanguage'
2024-03-12 18:23:28.880 [info] ExtensionService#_doActivateExtension vscode.git-base, startup: true, activationEvent: '*', root cause: vscode.git
2024-03-12 18:23:28.904 [info] ExtensionService#_doActivateExtension vscode.git, startup: true, activationEvent: '*'
2024-03-12 18:23:28.905 [info] ExtensionService#_doActivateExtension vscode.github, startup: true, activationEvent: '*'
2024-03-12 18:23:29.136 [info] Eager extensions activated
2024-03-12 18:23:29.136 [info] ExtensionService#_doActivateExtension vscode.debug-auto-launch, startup: false, activationEvent: 'onStartupFinished'
2024-03-12 18:23:29.137 [info] ExtensionService#_doActivateExtension vscode.merge-conflict, startup: false, activationEvent: 'onStartupFinished'
2024-03-12 18:23:29.137 [info] ExtensionService#_doActivateExtension ritwickdey.LiveServer, startup: false, activationEvent: 'onStartupFinished'
2024-03-12 18:23:29.800 [warning] [Decorations] CAPPING events from decorations provider vscode.git 6096
2024-03-12 18:23:30.829 [warning] [Decorations] CAPPING events from decorations provider vscode.git 6096
2024-03-12 18:23:33.045 [warning] [Decorations] CAPPING events from decorations provider vscode.git 6096
2024-03-12 18:23:38.183 [warning] [Decorations] CAPPING events from decorations provider vscode.git 6096
2024-03-12 18:23:43.373 [warning] [Decorations] CAPPING events from decorations provider vscode.git 6096
2024-03-12 18:23:48.549 [warning] [Decorations] CAPPING events from decorations provider vscode.git 6096
2024-03-12 18:23:53.714 [warning] [Decorations] CAPPING events from decorations provider vscode.git 6096
2024-03-12 18:23:58.893 [warning] [Decorations] CAPPING events from decorations provider vscode.git 6096
2024-03-12 18:24:04.668 [warning] [Decorations] CAPPING events from decorations provider vscode.git 6096
2024-03-12 18:24:09.832 [warning] [Decorations] CAPPING events from decorations provider vscode.git 6096
2024-03-12 18:24:14.986 [warning] [Decorations] CAPPING events from decorations provider vscode.git 6096
2024-03-12 18:24:20.127 [warning] [Decorations] CAPPING events from decorations provider vscode.git 6096
2024-03-12 18:24:25.296 [warning] [Decorations] CAPPING events from decorations provider vscode.git 6096
2024-03-12 18:24:30.450 [warning] [Decorations] CAPPING events from decorations provider vscode.git 6096
